Arguments: 
  /usr/local/bin/node /usr/share/yarn/bin/yarn.js init

PATH: 
  /home/victor/.vscode-server/bin/3c4e3df9e89829dce27b7b5c24508306b151f30d/bin:/usr/local/sbin:/usr/local/bin:/usr/sbin:/usr/bin:/sbin:/bin:/usr/games:/usr/local/games:/mnt/c/Program Files (x86)/Common Files/Oracle/Java/javapath:/mnt/c/Program Files/Common Files/Oracle/Java/javapath:/mnt/c/Python27/:/mnt/c/Python27/Scripts:/mnt/c/WINDOWS/system32:/mnt/c/WINDOWS:/mnt/c/WINDOWS/System32/Wbem:/mnt/c/WINDOWS/System32/WindowsPowerShell/v1.0/:/mnt/c/Program Files/Git LFS:/mnt/c/WINDOWS/System32/OpenSSH/:/mnt/c/ProgramData/chocolatey/bin:/mnt/c/Program Files/nodejs/:/mnt/c/Program Files/Java/jdk1.8.0_261:/mnt/c/Program Files/Git/cmd:/mnt/c/Program Files/dotnet/:/mnt/c/Program Files/Java/jdk-11.0.8:/mnt/c/Program Files (x86)/Yarn/bin/:/mnt/c/Program Files/Java/jdk1.8.0_211/bin:/mnt/c/Program Files/Docker/Docker/resources/bin:/mnt/c/ProgramData/DockerDesktop/version-bin:/mnt/c/Users/PC/AppData/Local/Programs/Python/Python36/Scripts/:/mnt/c/Users/PC/AppData/Local/Programs/Python/Python36/:/mnt/c/Users/PC/AppData/Local/Microsoft/WindowsApps:/mnt/c/Users/PC/AppData/Roaming/npm:/mnt/c/Users/PC/AppData/Local/GitHubDesktop/bin:/mnt/c/Users/PC/AppData/Local/Programs/Microsoft VS Code/bin:/mnt/c/Users/PC/.dotnet/tools:/mnt/c/Users/PC/AppData/Local/Android/Sdk/platform-tools:/mnt/c/Users/PC/AppData/Local/Android/Sdk/tools:/mnt/c/Program Files (x86)/Java/jre1.8.0_271/bin:/mnt/c/Users/PC/AppData/Local/Yarn/bin:/mnt/c/Users/PC/AppData/Local/Android/Sdk/tools/bin:/mnt/c/Users/PC/AppData/Local/Android/Sdk/emulator:/mnt/c/Program Files/JetBrains/IntelliJ IDEA Community Edition 2020.2.3/bin:/mnt/c/Users/PC/AppData/Local/Microsoft/WindowsApps:/usr/lib/jvm/java-8-openjdk-amd64/bin:/home/victor/Android/emulator:/home/victor/Android/tools:/home/victor/Android/tools/bin:/home/victor/Android/platform-tools:/usr/lib/jvm/java-8-openjdk-amd64/bin:/home/victor/Android/emulator:/home/victor/Android/tools:/home/victor/Android/tools/bin:/home/victor/Android/platform-tools

Yarn version: 
  1.22.5

Node version: 
  12.19.0

Platform: 
  linux x64

Trace: 
  Error: canceled
      at Interface.<anonymous> (/usr/share/yarn/lib/cli.js:137009:13)
      at Interface.emit (events.js:314:20)
      at Interface._ttyWrite (readline.js:868:16)
      at ReadStream.onkeypress (readline.js:205:10)
      at ReadStream.emit (events.js:314:20)
      at emitKeys (internal/readline/utils.js:335:14)
      at emitKeys.next (<anonymous>)
      at ReadStream.onData (readline.js:1137:36)
      at ReadStream.emit (events.js:314:20)
      at addChunk (_stream_readable.js:298:12)

npm manifest: 
  No manifest

yarn manifest: 
  No manifest

Lockfile: 
  No lockfile
